<?xml version="1.0" encoding="UTF-8"?>
<coverage generated="1710332682928" clover="3.2.0">
  <project timestamp="1710332682928" name="All files">
    <metrics statements="9" coveredstatements="5" conditionals="1" coveredconditionals="0" methods="1" coveredmethods="0" elements="11" coveredelements="5" complexity="0" loc="9" ncloc="9" packages="1" files="2" classes="2"/>
    <file name="app.vue" path="C:\Users\User\OneDrive\Documents\GitHub\Github pull\robin-acumen\app.vue">
      <metrics statements="5" coveredstatements="5" conditionals="0" coveredconditionals="0" methods="0" coveredmethods="0"/>
      <line num="1" count="1" type="stmt"/>
      <line num="2" count="1" type="stmt"/>
      <line num="3" count="1" type="stmt"/>
      <line num="4" count="1" type="stmt"/>
      <line num="5" count="1" type="stmt"/>
    </file>
    <file name="nuxt.config.ts" path="C:\Users\User\OneDrive\Documents\GitHub\Github pull\robin-acumen\nuxt.config.ts">
      <metrics statements="4" coveredstatements="0" conditionals="1" coveredconditionals="0" methods="1" coveredmethods="0"/>
      <line num="1" count="0" type="cond" truecount="0" falsecount="1"/>
      <line num="2" count="0" type="stmt"/>
      <line num="3" count="0" type="stmt"/>
      <line num="4" count="0" type="stmt"/>
    </file>
  </project>
</coverage>
